[0m[32mCheck[0m file:///Users/wangzongyao/Documents/person/deno-app/server.ts
[0m[1m[31merror[0m: [0m[1mTS2769[0m [ERROR]: No overload matches this call.
  Overload 1 of 2, '(addr: string): Promise<void>', gave the following error.
    Argument of type '{ port: string | undefined; signal: AbortSignal; }' is not assignable to parameter of type 'string'.  Overload 2 of 2, '(options: ListenOptions): Promise<void>', gave the following error.
    Type 'string | undefined' is not assignable to type 'number'.
      Type 'undefined' is not assignable to type 'number'.
await app.listen({ port: await Deno.env.get('PORT'), signal });
[0m[31m      ~~~~~~~~~~~~~~~~~~~~~~~~~~~~~~~~~~~~~~~~~~~~~~~~~~~~~~~~[0m
    at [0m[36mfile:///Users/wangzongyao/Documents/person/deno-app/server.ts[0m:[0m[33m13[0m:[0m[33m7[0m

    The expected type comes from property 'port' which is declared here on type 'ListenOptions'
      port: number;
    [0m[36m  ~~~~[0m
        at [0m[36mhttps://deno.land/x/oak@v6.1.0/application.ts[0m:[0m[33m32[0m:[0m[33m3[0m
[0m[32mCheck[0m file:///Users/wangzongyao/Documents/person/deno-app/server.ts
[0m[1m[31merror[0m: [0m[1mTS2769[0m [ERROR]: No overload matches this call.
  Overload 1 of 2, '(addr: string): Promise<void>', gave the following error.
    Argument of type '{ port: string | undefined; signal: AbortSignal; }' is not assignable to parameter of type 'string'.  Overload 2 of 2, '(options: ListenOptions): Promise<void>', gave the following error.
    Type 'string | undefined' is not assignable to type 'number'.
      Type 'undefined' is not assignable to type 'number'.
await app.listen({ port: await Deno.env.get('PORT'), signal });
[0m[31m      ~~~~~~~~~~~~~~~~~~~~~~~~~~~~~~~~~~~~~~~~~~~~~~~~~~~~~~~~[0m
    at [0m[36mfile:///Users/wangzongyao/Documents/person/deno-app/server.ts[0m:[0m[33m13[0m:[0m[33m7[0m

    The expected type comes from property 'port' which is declared here on type 'ListenOptions'
      port: number;
    [0m[36m  ~~~~[0m
        at [0m[36mhttps://deno.land/x/oak@v6.1.0/application.ts[0m:[0m[33m32[0m:[0m[33m3[0m
[0m[32mCheck[0m file:///Users/wangzongyao/Documents/person/deno-app/server.ts
[0m[32mCheck[0m file:///Users/wangzongyao/Documents/person/deno-app/server.ts
[0m[1m[31merror[0m: [0m[1mTS2769[0m [ERROR]: No overload matches this call.
  Overload 1 of 2, '(addr: string): Promise<void>', gave the following error.
    Argument of type '{ port: string | undefined; signal: AbortSignal; }' is not assignable to parameter of type 'string'.  Overload 2 of 2, '(options: ListenOptions): Promise<void>', gave the following error.
    Type 'string | undefined' is not assignable to type 'number'.
      Type 'undefined' is not assignable to type 'number'.
await app.listen({ port: Deno.env.get('PORT'), signal });
[0m[31m      ~~~~~~~~~~~~~~~~~~~~~~~~~~~~~~~~~~~~~~~~~~~~~~~~~~[0m
    at [0m[36mfile:///Users/wangzongyao/Documents/person/deno-app/server.ts[0m:[0m[33m13[0m:[0m[33m7[0m

    The expected type comes from property 'port' which is declared here on type 'ListenOptions'
      port: number;
    [0m[36m  ~~~~[0m
        at [0m[36mhttps://deno.land/x/oak@v6.1.0/application.ts[0m:[0m[33m32[0m:[0m[33m3[0m
[0m[32mCheck[0m file:///Users/wangzongyao/Documents/person/deno-app/server.ts
[0m[1m[31merror[0m: [0m[1mTS2769[0m [ERROR]: No overload matches this call.
  Overload 1 of 2, '(addr: string): Promise<void>', gave the following error.
    Argument of type '{ port: string | undefined; signal: AbortSignal; }' is not assignable to parameter of type 'string'.  Overload 2 of 2, '(options: ListenOptions): Promise<void>', gave the following error.
    Type 'string | undefined' is not assignable to type 'number'.
      Type 'undefined' is not assignable to type 'number'.
await app.listen({ port: Deno.env.get('PORT'), signal });
[0m[31m      ~~~~~~~~~~~~~~~~~~~~~~~~~~~~~~~~~~~~~~~~~~~~~~~~~~[0m
    at [0m[36mfile:///Users/wangzongyao/Documents/person/deno-app/server.ts[0m:[0m[33m13[0m:[0m[33m7[0m

    The expected type comes from property 'port' which is declared here on type 'ListenOptions'
      port: number;
    [0m[36m  ~~~~[0m
        at [0m[36mhttps://deno.land/x/oak@v6.1.0/application.ts[0m:[0m[33m32[0m:[0m[33m3[0m
[0m[32mCheck[0m file:///Users/wangzongyao/Documents/person/deno-app/server.ts
[0m[1m[31merror[0m: [0m[1mTS2769[0m [ERROR]: No overload matches this call.
  Overload 1 of 2, '(addr: string): Promise<void>', gave the following error.
    Argument of type '{ port: string | undefined; signal: AbortSignal; }' is not assignable to parameter of type 'string'.  Overload 2 of 2, '(options: ListenOptions): Promise<void>', gave the following error.
    Type 'string | undefined' is not assignable to type 'number'.
      Type 'undefined' is not assignable to type 'number'.
await app.listen({ port: Deno.env.get('PORT'), signal });
[0m[31m      ~~~~~~~~~~~~~~~~~~~~~~~~~~~~~~~~~~~~~~~~~~~~~~~~~~[0m
    at [0m[36mfile:///Users/wangzongyao/Documents/person/deno-app/server.ts[0m:[0m[33m13[0m:[0m[33m7[0m

    The expected type comes from property 'port' which is declared here on type 'ListenOptions'
      port: number;
    [0m[36m  ~~~~[0m
        at [0m[36mhttps://deno.land/x/oak@v6.1.0/application.ts[0m:[0m[33m32[0m:[0m[33m3[0m
[0m[32mCheck[0m file:///Users/wangzongyao/Documents/person/deno-app/server.ts
[0m[1m[31merror[0m: [0m[1mTS2769[0m [ERROR]: No overload matches this call.
  Overload 1 of 2, '(addr: string): Promise<void>', gave the following error.
    Argument of type '{ port: string | undefined; signal: AbortSignal; }' is not assignable to parameter of type 'string'.  Overload 2 of 2, '(options: ListenOptions): Promise<void>', gave the following error.
    Type 'string | undefined' is not assignable to type 'number'.
      Type 'undefined' is not assignable to type 'number'.
await app.listen({ port: Deno.env.get('PORT'), signal });
[0m[31m      ~~~~~~~~~~~~~~~~~~~~~~~~~~~~~~~~~~~~~~~~~~~~~~~~~~[0m
    at [0m[36mfile:///Users/wangzongyao/Documents/person/deno-app/server.ts[0m:[0m[33m13[0m:[0m[33m7[0m

    The expected type comes from property 'port' which is declared here on type 'ListenOptions'
      port: number;
    [0m[36m  ~~~~[0m
        at [0m[36mhttps://deno.land/x/oak@v6.1.0/application.ts[0m:[0m[33m32[0m:[0m[33m3[0m
[0m[32mCheck[0m file:///Users/wangzongyao/Documents/person/deno-app/server.ts
[0m[1m[31merror[0m: [0m[1mTS2769[0m [ERROR]: No overload matches this call.
  Overload 1 of 2, '(addr: string): Promise<void>', gave the following error.
    Argument of type '{ port: string | undefined; signal: AbortSignal; }' is not assignable to parameter of type 'string'.  Overload 2 of 2, '(options: ListenOptions): Promise<void>', gave the following error.
    Type 'string | undefined' is not assignable to type 'number'.
      Type 'undefined' is not assignable to type 'number'.
await app.listen({ port: Deno.env.get('PORT'), signal });
[0m[31m      ~~~~~~~~~~~~~~~~~~~~~~~~~~~~~~~~~~~~~~~~~~~~~~~~~~[0m
    at [0m[36mfile:///Users/wangzongyao/Documents/person/deno-app/server.ts[0m:[0m[33m13[0m:[0m[33m7[0m

    The expected type comes from property 'port' which is declared here on type 'ListenOptions'
      port: number;
    [0m[36m  ~~~~[0m
        at [0m[36mhttps://deno.land/x/oak@v6.1.0/application.ts[0m:[0m[33m32[0m:[0m[33m3[0m
[0m[32mCheck[0m file:///Users/wangzongyao/Documents/person/deno-app/server.ts
[0m[1m[31merror[0m: [0m[1mTS2769[0m [ERROR]: No overload matches this call.
  Overload 1 of 2, '(addr: string): Promise<void>', gave the following error.
    Argument of type '{ port: string | undefined; signal: AbortSignal; }' is not assignable to parameter of type 'string'.  Overload 2 of 2, '(options: ListenOptions): Promise<void>', gave the following error.
    Type 'string | undefined' is not assignable to type 'number'.
      Type 'undefined' is not assignable to type 'number'.
await app.listen({ port: Deno.env.get('PORT'), signal });
[0m[31m      ~~~~~~~~~~~~~~~~~~~~~~~~~~~~~~~~~~~~~~~~~~~~~~~~~~[0m
    at [0m[36mfile:///Users/wangzongyao/Documents/person/deno-app/server.ts[0m:[0m[33m13[0m:[0m[33m7[0m

    The expected type comes from property 'port' which is declared here on type 'ListenOptions'
      port: number;
    [0m[36m  ~~~~[0m
        at [0m[36mhttps://deno.land/x/oak@v6.1.0/application.ts[0m:[0m[33m32[0m:[0m[33m3[0m
[0m[32mCheck[0m file:///Users/wangzongyao/Documents/person/deno-app/server.ts
[0m[32mCheck[0m file:///Users/wangzongyao/Documents/person/deno-app/server.ts
[0m[1m[31merror[0m: [0m[1mTS2769[0m [ERROR]: No overload matches this call.
  Overload 1 of 2, '(addr: string): Promise<void>', gave the following error.
    Argument of type '{ port: string | undefined; signal: AbortSignal; }' is not assignable to parameter of type 'string'.  Overload 2 of 2, '(options: ListenOptions): Promise<void>', gave the following error.
    Type 'string | undefined' is not assignable to type 'number'.
      Type 'undefined' is not assignable to type 'number'.
await app.listen({ port: Deno.env.get('PORT'), signal });
[0m[31m      ~~~~~~~~~~~~~~~~~~~~~~~~~~~~~~~~~~~~~~~~~~~~~~~~~~[0m
    at [0m[36mfile:///Users/wangzongyao/Documents/person/deno-app/server.ts[0m:[0m[33m14[0m:[0m[33m7[0m

    The expected type comes from property 'port' which is declared here on type 'ListenOptions'
      port: number;
    [0m[36m  ~~~~[0m
        at [0m[36mhttps://deno.land/x/oak@v6.1.0/application.ts[0m:[0m[33m32[0m:[0m[33m3[0m
[0m[32mCheck[0m file:///Users/wangzongyao/Documents/person/deno-app/server.ts
[0m[32mCheck[0m file:///Users/wangzongyao/Documents/person/deno-app/server.ts
[0m[1m[31merror[0m: [0m[1mTS18004[0m [ERROR]: No value exists in scope for the shorthand property 'port'. Either declare one or provide an initializer.
await app.listen({ port, signal });
[0m[31m                   ~~~~[0m
    at [0m[36mfile:///Users/wangzongyao/Documents/person/deno-app/server.ts[0m:[0m[33m14[0m:[0m[33m20[0m
[0m[32mCheck[0m file:///Users/wangzongyao/Documents/person/deno-app/server.ts
[0m[1m[31merror[0m: [0m[1mTS18004[0m [ERROR]: No value exists in scope for the shorthand property 'port'. Either declare one or provide an initializer.
await app.listen({ port, signal });
[0m[31m                   ~~~~[0m
    at [0m[36mfile:///Users/wangzongyao/Documents/person/deno-app/server.ts[0m:[0m[33m14[0m:[0m[33m20[0m
[0m[32mCheck[0m file:///Users/wangzongyao/Documents/person/deno-app/server.ts
[0m[1m[31merror[0m: [0m[1mTS18004[0m [ERROR]: No value exists in scope for the shorthand property 'port'. Either declare one or provide an initializer.
await app.listen({ port, signal });
[0m[31m                   ~~~~[0m
    at [0m[36mfile:///Users/wangzongyao/Documents/person/deno-app/server.ts[0m:[0m[33m14[0m:[0m[33m20[0m
[0m[32mCheck[0m file:///Users/wangzongyao/Documents/person/deno-app/server.ts
[0m[32mCheck[0m file:///Users/wangzongyao/Documents/person/deno-app/server.ts
[0m[1m[31merror[0m: [0m[1mTS2769[0m [ERROR]: No overload matches this call.
  Overload 1 of 2, '(addr: string): Promise<void>', gave the following error.
    Argument of type '{ port: string | undefined; signal: AbortSignal; }' is not assignable to parameter of type 'string'.  Overload 2 of 2, '(options: ListenOptions): Promise<void>', gave the following error.
    Type 'string | undefined' is not assignable to type 'number'.
      Type 'undefined' is not assignable to type 'number'.
await app.listen({ port, signal });
[0m[31m      ~~~~~~~~~~~~~~~~~~~~~~~~~~~~[0m
    at [0m[36mfile:///Users/wangzongyao/Documents/person/deno-app/server.ts[0m:[0m[33m14[0m:[0m[33m7[0m

    The expected type comes from property 'port' which is declared here on type 'ListenOptions'
      port: number;
    [0m[36m  ~~~~[0m
        at [0m[36mhttps://deno.land/x/oak@v6.1.0/application.ts[0m:[0m[33m32[0m:[0m[33m3[0m
[0m[32mCheck[0m file:///Users/wangzongyao/Documents/person/deno-app/server.ts
[0m[1m[31merror[0m: [0m[1mTS2769[0m [ERROR]: No overload matches this call.
  Overload 1 of 2, '(addr: string): Promise<void>', gave the following error.
    Argument of type '{ port: string | undefined; signal: AbortSignal; }' is not assignable to parameter of type 'string'.  Overload 2 of 2, '(options: ListenOptions): Promise<void>', gave the following error.
    Type 'string | undefined' is not assignable to type 'number'.
      Type 'undefined' is not assignable to type 'number'.
await app.listen({ port, signal });
[0m[31m      ~~~~~~~~~~~~~~~~~~~~~~~~~~~~[0m
    at [0m[36mfile:///Users/wangzongyao/Documents/person/deno-app/server.ts[0m:[0m[33m14[0m:[0m[33m7[0m

    The expected type comes from property 'port' which is declared here on type 'ListenOptions'
      port: number;
    [0m[36m  ~~~~[0m
        at [0m[36mhttps://deno.land/x/oak@v6.1.0/application.ts[0m:[0m[33m32[0m:[0m[33m3[0m
[0m[32mCheck[0m file:///Users/wangzongyao/Documents/person/deno-app/server.ts
[0m[1m[31merror[0m: [0m[1mTS2769[0m [ERROR]: No overload matches this call.
  Overload 1 of 2, '(addr: string): Promise<void>', gave the following error.
    Argument of type '{ port: string | undefined; signal: AbortSignal; }' is not assignable to parameter of type 'string'.  Overload 2 of 2, '(options: ListenOptions): Promise<void>', gave the following error.
    Type 'string | undefined' is not assignable to type 'number'.
      Type 'undefined' is not assignable to type 'number'.
await app.listen({ port, signal });
[0m[31m      ~~~~~~~~~~~~~~~~~~~~~~~~~~~~[0m
    at [0m[36mfile:///Users/wangzongyao/Documents/person/deno-app/server.ts[0m:[0m[33m14[0m:[0m[33m7[0m

    The expected type comes from property 'port' which is declared here on type 'ListenOptions'
      port: number;
    [0m[36m  ~~~~[0m
        at [0m[36mhttps://deno.land/x/oak@v6.1.0/application.ts[0m:[0m[33m32[0m:[0m[33m3[0m
[0m[32mCheck[0m file:///Users/wangzongyao/Documents/person/deno-app/server.ts
[0m[1m[31merror[0m: [0m[1mTS2769[0m [ERROR]: No overload matches this call.
  Overload 1 of 2, '(addr: string): Promise<void>', gave the following error.
    Argument of type '{ port: string | undefined; signal: AbortSignal; }' is not assignable to parameter of type 'string'.  Overload 2 of 2, '(options: ListenOptions): Promise<void>', gave the following error.
    Type 'string | undefined' is not assignable to type 'number'.
      Type 'undefined' is not assignable to type 'number'.
await app.listen({ port, signal });
[0m[31m      ~~~~~~~~~~~~~~~~~~~~~~~~~~~~[0m
    at [0m[36mfile:///Users/wangzongyao/Documents/person/deno-app/server.ts[0m:[0m[33m14[0m:[0m[33m7[0m

    The expected type comes from property 'port' which is declared here on type 'ListenOptions'
      port: number;
    [0m[36m  ~~~~[0m
        at [0m[36mhttps://deno.land/x/oak@v6.1.0/application.ts[0m:[0m[33m32[0m:[0m[33m3[0m
[0m[32mCheck[0m file:///Users/wangzongyao/Documents/person/deno-app/server.ts
[0m[1m[31merror[0m: [0m[1mTS2769[0m [ERROR]: No overload matches this call.
  Overload 1 of 2, '(addr: string): Promise<void>', gave the following error.
    Argument of type '{ port: string | undefined; signal: AbortSignal; }' is not assignable to parameter of type 'string'.  Overload 2 of 2, '(options: ListenOptions): Promise<void>', gave the following error.
    Type 'string | undefined' is not assignable to type 'number'.
      Type 'undefined' is not assignable to type 'number'.
await app.listen({ port, signal });
[0m[31m      ~~~~~~~~~~~~~~~~~~~~~~~~~~~~[0m
    at [0m[36mfile:///Users/wangzongyao/Documents/person/deno-app/server.ts[0m:[0m[33m14[0m:[0m[33m7[0m

    The expected type comes from property 'port' which is declared here on type 'ListenOptions'
      port: number;
    [0m[36m  ~~~~[0m
        at [0m[36mhttps://deno.land/x/oak@v6.1.0/application.ts[0m:[0m[33m32[0m:[0m[33m3[0m
[0m[32mCheck[0m file:///Users/wangzongyao/Documents/person/deno-app/server.ts
[0m[1m[31merror[0m: [0m[1mTS2769[0m [ERROR]: No overload matches this call.
  Overload 1 of 2, '(addr: string): Promise<void>', gave the following error.
    Argument of type '{ port: string | undefined; signal: AbortSignal; }' is not assignable to parameter of type 'string'.  Overload 2 of 2, '(options: ListenOptions): Promise<void>', gave the following error.
    Type 'string | undefined' is not assignable to type 'number'.
      Type 'undefined' is not assignable to type 'number'.
await app.listen({ port, signal });
[0m[31m      ~~~~~~~~~~~~~~~~~~~~~~~~~~~~[0m
    at [0m[36mfile:///Users/wangzongyao/Documents/person/deno-app/server.ts[0m:[0m[33m14[0m:[0m[33m7[0m

    The expected type comes from property 'port' which is declared here on type 'ListenOptions'
      port: number;
    [0m[36m  ~~~~[0m
        at [0m[36mhttps://deno.land/x/oak@v6.1.0/application.ts[0m:[0m[33m32[0m:[0m[33m3[0m
[0m[32mCheck[0m file:///Users/wangzongyao/Documents/person/deno-app/server.ts
[0m[1m[31merror[0m: [0m[1mTS2769[0m [ERROR]: No overload matches this call.
  Overload 1 of 2, '(addr: string): Promise<void>', gave the following error.
    Argument of type '{ port: string | undefined; signal: AbortSignal; }' is not assignable to parameter of type 'string'.  Overload 2 of 2, '(options: ListenOptions): Promise<void>', gave the following error.
    Type 'string | undefined' is not assignable to type 'number'.
      Type 'undefined' is not assignable to type 'number'.
await app.listen({ port, signal });
[0m[31m      ~~~~~~~~~~~~~~~~~~~~~~~~~~~~[0m
    at [0m[36mfile:///Users/wangzongyao/Documents/person/deno-app/server.ts[0m:[0m[33m14[0m:[0m[33m7[0m

    The expected type comes from property 'port' which is declared here on type 'ListenOptions'
      port: number;
    [0m[36m  ~~~~[0m
        at [0m[36mhttps://deno.land/x/oak@v6.1.0/application.ts[0m:[0m[33m32[0m:[0m[33m3[0m
[0m[32mCheck[0m file:///Users/wangzongyao/Documents/person/deno-app/server.ts
[0m[1m[31merror[0m: [0m[1mTS2769[0m [ERROR]: No overload matches this call.
  Overload 1 of 2, '(addr: string): Promise<void>', gave the following error.
    Argument of type '{ port: string | undefined; signal: AbortSignal; }' is not assignable to parameter of type 'string'.  Overload 2 of 2, '(options: ListenOptions): Promise<void>', gave the following error.
    Type 'string | undefined' is not assignable to type 'number'.
      Type 'undefined' is not assignable to type 'number'.
await app.listen({ port, signal });
[0m[31m      ~~~~~~~~~~~~~~~~~~~~~~~~~~~~[0m
    at [0m[36mfile:///Users/wangzongyao/Documents/person/deno-app/server.ts[0m:[0m[33m14[0m:[0m[33m7[0m

    The expected type comes from property 'port' which is declared here on type 'ListenOptions'
      port: number;
    [0m[36m  ~~~~[0m
        at [0m[36mhttps://deno.land/x/oak@v6.1.0/application.ts[0m:[0m[33m32[0m:[0m[33m3[0m
[0m[32mCheck[0m file:///Users/wangzongyao/Documents/person/deno-app/server.ts
[0m[1m[31merror[0m: [0m[1mTS2769[0m [ERROR]: No overload matches this call.
  Overload 1 of 2, '(addr: string): Promise<void>', gave the following error.
    Argument of type '{ port: string | undefined; signal: AbortSignal; }' is not assignable to parameter of type 'string'.  Overload 2 of 2, '(options: ListenOptions): Promise<void>', gave the following error.
    Type 'string | undefined' is not assignable to type 'number'.
      Type 'undefined' is not assignable to type 'number'.
await app.listen({ port, signal });
[0m[31m      ~~~~~~~~~~~~~~~~~~~~~~~~~~~~[0m
    at [0m[36mfile:///Users/wangzongyao/Documents/person/deno-app/server.ts[0m:[0m[33m14[0m:[0m[33m7[0m

    The expected type comes from property 'port' which is declared here on type 'ListenOptions'
      port: number;
    [0m[36m  ~~~~[0m
        at [0m[36mhttps://deno.land/x/oak@v6.1.0/application.ts[0m:[0m[33m32[0m:[0m[33m3[0m
[0m[32mCheck[0m file:///Users/wangzongyao/Documents/person/deno-app/server.ts
[0m[1m[31merror[0m: [0m[1mTS2769[0m [ERROR]: No overload matches this call.
  Overload 1 of 2, '(addr: string): Promise<void>', gave the following error.
    Argument of type '{ port: string | undefined; signal: AbortSignal; }' is not assignable to parameter of type 'string'.  Overload 2 of 2, '(options: ListenOptions): Promise<void>', gave the following error.
    Type 'string | undefined' is not assignable to type 'number'.
      Type 'undefined' is not assignable to type 'number'.
await app.listen({ port, signal });
[0m[31m      ~~~~~~~~~~~~~~~~~~~~~~~~~~~~[0m
    at [0m[36mfile:///Users/wangzongyao/Documents/person/deno-app/server.ts[0m:[0m[33m14[0m:[0m[33m7[0m

    The expected type comes from property 'port' which is declared here on type 'ListenOptions'
      port: number;
    [0m[36m  ~~~~[0m
        at [0m[36mhttps://deno.land/x/oak@v6.1.0/application.ts[0m:[0m[33m32[0m:[0m[33m3[0m
[0m[32mCheck[0m file:///Users/wangzongyao/Documents/person/deno-app/server.ts
[0m[32mCheck[0m file:///Users/wangzongyao/Documents/person/deno-app/server.ts
[0m[32mCheck[0m file:///Users/wangzongyao/Documents/person/deno-app/server.ts
[0m[32mCheck[0m file:///Users/wangzongyao/Documents/person/deno-app/server.ts
[0m[32mCheck[0m file:///Users/wangzongyao/Documents/person/deno-app/server.ts
[0m[32mCheck[0m file:///Users/wangzongyao/Documents/person/deno-app/server.ts
[0m[32mCheck[0m file:///Users/wangzongyao/Documents/person/deno-app/server.ts
