执行了这里
执行了这里
执行了这里
执行了这里
执行了这里
执行了这里
{
  core: {
    print: [36m[Function][39m,
    recv: [36m[Function][39m,
    send: [36m[Function][39m,
    setMacrotaskCallback: [36m[Function][39m,
    evalContext: [36m[Function][39m,
    formatError: [36m[Function][39m,
    encode: [36m[Function][39m,
    decode: [36m[Function][39m,
    getPromiseDetails: [36m[Function][39m,
    getProxyDetails: [36m[Function][39m,
    shared: SharedArrayBuffer {},
    jsonOpAsync: [36m[Function: jsonOpAsync][39m,
    jsonOpSync: [36m[Function: jsonOpSync][39m,
    setAsyncHandler: [36m[Function: setAsyncHandler][39m,
    dispatch: [36m[Function][39m,
    dispatchByName: [36m[Function: dispatch][39m,
    ops: [36m[Function: ops][39m,
    registerErrorClass: [36m[Function: registerErrorClass][39m,
    getErrorClass: [36m[Function: getErrorClass][39m,
    sharedQueue: {
      MAX_RECORDS: [33m100[39m,
      head: [36m[Function: head][39m,
      numRecords: [36m[Function: numRecords][39m,
      size: [36m[Function: size][39m,
      push: [36m[Function: push][39m,
      reset: [36m[Function: reset][39m,
      shift: [36m[Function: shift][39m
    }
  },
  internal: [32mSymbol(Deno.internal)[39m,
  test: [36m[Function: test][39m,
  metrics: [36m[Function: metrics][39m,
  Process: [36m[Function: Process][39m,
  run: [36m[Function: run][39m,
  isatty: [36m[Function: isatty][39m,
  writeFileSync: [36m[Function: writeFileSync][39m,
  writeFile: [36m[AsyncFunction: writeFile][39m,
  writeTextFileSync: [36m[Function: writeTextFileSync][39m,
  writeTextFile: [36m[Function: writeTextFile][39m,
  readTextFile: [36m[AsyncFunction: readTextFile][39m,
  readTextFileSync: [36m[Function: readTextFileSync][39m,
  readFile: [36m[AsyncFunction: readFile][39m,
  readFileSync: [36m[Function: readFileSync][39m,
  watchFs: [36m[Function: watchFs][39m,
  chmodSync: [36m[Function: chmodSync][39m,
  chmod: [36m[AsyncFunction: chmod][39m,
  chown: [36m[AsyncFunction: chown][39m,
  chownSync: [36m[Function: chownSync][39m,
  copyFileSync: [36m[Function: copyFileSync][39m,
  cwd: [36m[Function: cwd][39m,
  makeTempDirSync: [36m[Function: makeTempDirSync][39m,
  makeTempDir: [36m[Function: makeTempDir][39m,
  makeTempFileSync: [36m[Function: makeTempFileSync][39m,
  makeTempFile: [36m[Function: makeTempFile][39m,
  mkdirSync: [36m[Function: mkdirSync][39m,
  mkdir: [36m[AsyncFunction: mkdir][39m,
  chdir: [36m[Function: chdir][39m,
  copyFile: [36m[AsyncFunction: copyFile][39m,
  readDirSync: [36m[Function: readDirSync][39m,
  readDir: [36m[Function: readDir][39m,
  readLinkSync: [36m[Function: readLinkSync][39m,
  readLink: [36m[Function: readLink][39m,
  realPathSync: [36m[Function: realPathSync][39m,
  realPath: [36m[Function: realPath][39m,
  removeSync: [36m[Function: removeSync][39m,
  remove: [36m[AsyncFunction: remove][39m,
  renameSync: [36m[Function: renameSync][39m,
  rename: [36m[AsyncFunction: rename][39m,
  version: { deno: [32m"1.4.0"[39m, v8: [32m"8.7.75"[39m, typescript: [32m"4.0.2"[39m },
  build: {
    target: [32m"x86_64-apple-darwin"[39m,
    arch: [32m"x86_64"[39m,
    os: [32m"darwin"[39m,
    vendor: [32m"apple"[39m,
    env: [2mundefined[22m
  },
  statSync: [36m[Function: statSync][39m,
  lstatSync: [36m[Function: lstatSync][39m,
  stat: [36m[AsyncFunction: stat][39m,
  lstat: [36m[AsyncFunction: lstat][39m,
  truncateSync: [36m[Function: truncateSync][39m,
  truncate: [36m[AsyncFunction: truncate][39m,
  errors: {
    NotFound: [36m[Function: NotFound][39m,
    PermissionDenied: [36m[Function: PermissionDenied][39m,
    ConnectionRefused: [36m[Function: ConnectionRefused][39m,
    ConnectionReset: [36m[Function: ConnectionReset][39m,
    ConnectionAborted: [36m[Function: ConnectionAborted][39m,
    NotConnected: [36m[Function: NotConnected][39m,
    AddrInUse: [36m[Function: AddrInUse][39m,
    AddrNotAvailable: [36m[Function: AddrNotAvailable][39m,
    BrokenPipe: [36m[Function: BrokenPipe][39m,
    AlreadyExists: [36m[Function: AlreadyExists][39m,
    InvalidData: [36m[Function: InvalidData][39m,
    TimedOut: [36m[Function: TimedOut][39m,
    Interrupted: [36m[Function: Interrupted][39m,
    WriteZero: [36m[Function: WriteZero][39m,
    UnexpectedEof: [36m[Function: UnexpectedEof][39m,
    BadResource: [36m[Function: BadResource][39m,
    Http: [36m[Function: Http][39m,
    Busy: [36m[Function: Busy][39m,
    NotSupported: [36m[Function: NotSupported][39m
  },
  customInspect: [32mSymbol(Deno.customInspect)[39m,
  inspect: [36m[Function: inspect][39m,
  env: {
    get: [36m[Function: getEnv][39m,
    toObject: [36m[Function: toObject][39m,
    set: [36m[Function: setEnv][39m,
    delete: [36m[Function: deleteEnv][39m
  },
  exit: [36m[Function: exit][39m,
  execPath: [36m[Function: execPath][39m,
  resources: [36m[Function: resources][39m,
  close: [36m[Function: close][39m,
  Buffer: [36m[Function: Buffer][39m,
  readAll: [36m[AsyncFunction: readAll][39m,
  readAllSync: [36m[Function: readAllSync][39m,
  writeAll: [36m[AsyncFunction: writeAll][39m,
  writeAllSync: [36m[Function: writeAllSync][39m,
  copy: [36m[AsyncFunction: copy][39m,
  iter: [36m[AsyncGeneratorFunction: iter][39m,
  iterSync: [36m[GeneratorFunction: iterSync][39m,
  SeekMode: { 0: [32m"Start"[39m, 1: [32m"Current"[39m, 2: [32m"End"[39m, Start: [33m0[39m, Current: [33m1[39m, End: [33m2[39m },
  read: [36m[AsyncFunction: read][39m,
  readSync: [36m[Function: readSync][39m,
  write: [36m[AsyncFunction: write][39m,
  writeSync: [36m[Function: writeSync][39m,
  File: [36m[Function: File][39m,
  open: [36m[AsyncFunction: open][39m,
  openSync: [36m[Function: openSync][39m,
  create: [36m[Function: create][39m,
  createSync: [36m[Function: createSync][39m,
  stdin: Stdin { rid: [33m0[39m },
  stdout: Stdout { rid: [33m1[39m },
  stderr: Stderr { rid: [33m2[39m },
  seek: [36m[Function: seek][39m,
  seekSync: [36m[Function: seekSync][39m,
  connect: [36m[AsyncFunction: connect][39m,
  listen: [36m[Function: listen][39m,
  connectTls: [36m[AsyncFunction: connectTls][39m,
  listenTls: [36m[Function: listenTls][39m,
  pid: [33m2442[39m,
  ppid: [33m2358[39m,
  noColor: [33mfalse[39m,
  args: [],
  mainModule: [32m"file:///Users/wangzongyao/Documents/person/deno-app/server.ts"[39m,
  Symbol(Deno.internal): {}
}
